[13-Jun-2022 05:49:39 UTC] PHP Warning:  PHP Startup: Unable to load dynamic library 'php_imagick.dll' (tried: D:/SoftwareInstallation/Local/resources/extraResources/lightning-services/php-7.4.1+18/bin/win64/ext\php_imagick.dll (The specified module could not be found.), D:/SoftwareInstallation/Local/resources/extraResources/lightning-services/php-7.4.1+18/bin/win64/ext\php_php_imagick.dll.dll (The specified module could not be found.)) in Unknown on line 0
[13-Jun-2022 05:49:39 UTC] PHP Warning:  PHP Startup: Unable to load dynamic library 'php_imagick.dll' (tried: D:/SoftwareInstallation/Local/resources/extraResources/lightning-services/php-7.4.1+18/bin/win64/ext\php_imagick.dll (The specified module could not be found.), D:/SoftwareInstallation/Local/resources/extraResources/lightning-services/php-7.4.1+18/bin/win64/ext\php_php_imagick.dll.dll (The specified module could not be found.)) in Unknown on line 0
[13-Jun-2022 05:52:38 UTC] PHP Warning:  PHP Startup: Unable to load dynamic library 'php_imagick.dll' (tried: D:/SoftwareInstallation/Local/resources/extraResources/lightning-services/php-7.4.1+18/bin/win64/ext\php_imagick.dll (The specified module could not be found.), D:/SoftwareInstallation/Local/resources/extraResources/lightning-services/php-7.4.1+18/bin/win64/ext\php_php_imagick.dll.dll (The specified module could not be found.)) in Unknown on line 0
[13-Jun-2022 05:52:38 UTC] PHP Warning:  PHP Startup: Unable to load dynamic library 'php_imagick.dll' (tried: D:/SoftwareInstallation/Local/resources/extraResources/lightning-services/php-7.4.1+18/bin/win64/ext\php_imagick.dll (The specified module could not be found.), D:/SoftwareInstallation/Local/resources/extraResources/lightning-services/php-7.4.1+18/bin/win64/ext\php_php_imagick.dll.dll (The specified module could not be found.)) in Unknown on line 0
[13-Jun-2022 06:07:32 UTC] PHP Warning:  PHP Startup: Unable to load dynamic library 'php_imagick.dll' (tried: D:/SoftwareInstallation/Local/resources/extraResources/lightning-services/php-7.4.1+18/bin/win64/ext\php_imagick.dll (The specified module could not be found.), D:/SoftwareInstallation/Local/resources/extraResources/lightning-services/php-7.4.1+18/bin/win64/ext\php_php_imagick.dll.dll (The specified module could not be found.)) in Unknown on line 0
[13-Jun-2022 06:07:32 UTC] PHP Warning:  PHP Startup: Unable to load dynamic library 'php_imagick.dll' (tried: D:/SoftwareInstallation/Local/resources/extraResources/lightning-services/php-7.4.1+18/bin/win64/ext\php_imagick.dll (The specified module could not be found.), D:/SoftwareInstallation/Local/resources/extraResources/lightning-services/php-7.4.1+18/bin/win64/ext\php_php_imagick.dll.dll (The specified module could not be found.)) in Unknown on line 0
[13-Jun-2022 06:07:33 UTC] PHP Warning:  PHP Startup: Unable to load dynamic library 'php_imagick.dll' (tried: D:/SoftwareInstallation/Local/resources/extraResources/lightning-services/php-7.4.1+18/bin/win64/ext\php_imagick.dll (The specified module could not be found.), D:/SoftwareInstallation/Local/resources/extraResources/lightning-services/php-7.4.1+18/bin/win64/ext\php_php_imagick.dll.dll (The specified module could not be found.)) in Unknown on line 0
[13-Jun-2022 06:07:33 UTC] PHP Warning:  PHP Startup: Unable to load dynamic library 'php_imagick.dll' (tried: D:/SoftwareInstallation/Local/resources/extraResources/lightning-services/php-7.4.1+18/bin/win64/ext\php_imagick.dll (The specified module could not be found.), D:/SoftwareInstallation/Local/resources/extraResources/lightning-services/php-7.4.1+18/bin/win64/ext\php_php_imagick.dll.dll (The specified module could not be found.)) in Unknown on line 0
[13-Jun-2022 09:54:07 UTC] PHP Warning:  array_map(): Expected parameter 2 to be an array, int given in D:\local_sites\carekleen\app\public\wp-includes\class-wp-query.php on line 2117
[13-Jun-2022 09:54:07 UTC] PHP Stack trace:
[13-Jun-2022 09:54:07 UTC] PHP   1. {main}() D:\local_sites\carekleen\app\public\index.php:0
[13-Jun-2022 09:54:07 UTC] PHP   2. require() D:\local_sites\carekleen\app\public\index.php:17
[13-Jun-2022 09:54:07 UTC] PHP   3. require_once() D:\local_sites\carekleen\app\public\wp-blog-header.php:19
[13-Jun-2022 09:54:07 UTC] PHP   4. include() D:\local_sites\carekleen\app\public\wp-includes\template-loader.php:106
[13-Jun-2022 09:54:07 UTC] PHP   5. WP_Query->__construct() D:\local_sites\carekleen\app\public\wp-content\themes\carekleen-child\single-services.php:69
[13-Jun-2022 09:54:07 UTC] PHP   6. WP_Query->query() D:\local_sites\carekleen\app\public\wp-includes\class-wp-query.php:3718
[13-Jun-2022 09:54:07 UTC] PHP   7. WP_Query->get_posts() D:\local_sites\carekleen\app\public\wp-includes\class-wp-query.php:3586
[13-Jun-2022 09:54:07 UTC] PHP   8. array_map() D:\local_sites\carekleen\app\public\wp-includes\class-wp-query.php:2117
[13-Jun-2022 09:54:07 UTC] PHP Warning:  implode(): Invalid arguments passed in D:\local_sites\carekleen\app\public\wp-includes\class-wp-query.php on line 2117
[13-Jun-2022 09:54:07 UTC] PHP Stack trace:
[13-Jun-2022 09:54:07 UTC] PHP   1. {main}() D:\local_sites\carekleen\app\public\index.php:0
[13-Jun-2022 09:54:07 UTC] PHP   2. require() D:\local_sites\carekleen\app\public\index.php:17
[13-Jun-2022 09:54:07 UTC] PHP   3. require_once() D:\local_sites\carekleen\app\public\wp-blog-header.php:19
[13-Jun-2022 09:54:07 UTC] PHP   4. include() D:\local_sites\carekleen\app\public\wp-includes\template-loader.php:106
[13-Jun-2022 09:54:07 UTC] PHP   5. WP_Query->__construct() D:\local_sites\carekleen\app\public\wp-content\themes\carekleen-child\single-services.php:69
[13-Jun-2022 09:54:07 UTC] PHP   6. WP_Query->query() D:\local_sites\carekleen\app\public\wp-includes\class-wp-query.php:3718
[13-Jun-2022 09:54:07 UTC] PHP   7. WP_Query->get_posts() D:\local_sites\carekleen\app\public\wp-includes\class-wp-query.php:3586
[13-Jun-2022 09:54:07 UTC] PHP   8. implode() D:\local_sites\carekleen\app\public\wp-includes\class-wp-query.php:2117
[13-Jun-2022 09:54:07 UTC] WordPress database error You have an error in your SQL syntax; check the manual that corresponds to your MySQL server version for the right syntax to use near ') AND ((wp_posts.post_type = 'services' AND (wp_posts.post_status = 'publish' OR' at line 3 for query 
					SELECT SQL_CALC_FOUND_ROWS  wp_posts.ID
					FROM wp_posts 
					WHERE 1=1  AND wp_posts.ID NOT IN () AND ((wp_posts.post_type = 'services' AND (wp_posts.post_status = 'publish' OR wp_posts.post_status = 'acf-disabled' 
OR wp_posts.post_status = 'private')))
					
					ORDER BY wp_posts.post_date DESC
					LIMIT 0, 10
				 made by require('wp-blog-header.php'), require_once('wp-includes/template-loader.php'), include('/themes/carekleen-child/single-services.php'), WP_Query->__construct, WP_Query->query, WP_Query->get_posts
[13-Jun-2022 11:13:53 UTC] PHP Parse error:  syntax error, unexpected 'wp_enqueue_script' (T_STRING) in D:\local_sites\carekleen\app\public\wp-content\themes\carekleen-child\functions.php on line 13
[13-Jun-2022 11:13:54 UTC] PHP Parse error:  syntax error, unexpected 'wp_enqueue_script' (T_STRING) in D:\local_sites\carekleen\app\public\wp-content\themes\carekleen-child\functions.php on line 13
[13-Jun-2022 12:01:27 UTC] PHP Warning:  PHP Startup: Unable to load dynamic library 'php_imagick.dll' (tried: D:/SoftwareInstallation/Local/resources/extraResources/lightning-services/php-7.4.1+18/bin/win64/ext\php_imagick.dll (The specified module could not be found.), D:/SoftwareInstallation/Local/resources/extraResources/lightning-services/php-7.4.1+18/bin/win64/ext\php_php_imagick.dll.dll (The specified module could not be found.)) in Unknown on line 0
[13-Jun-2022 12:01:27 UTC] PHP Warning:  PHP Startup: Unable to load dynamic library 'php_imagick.dll' (tried: D:/SoftwareInstallation/Local/resources/extraResources/lightning-services/php-7.4.1+18/bin/win64/ext\php_imagick.dll (The specified module could not be found.), D:/SoftwareInstallation/Local/resources/extraResources/lightning-services/php-7.4.1+18/bin/win64/ext\php_php_imagick.dll.dll (The specified module could not be found.)) in Unknown on line 0
[13-Jun-2022 12:01:29 UTC] PHP Warning:  PHP Startup: Unable to load dynamic library 'php_imagick.dll' (tried: D:/SoftwareInstallation/Local/resources/extraResources/lightning-services/php-7.4.1+18/bin/win64/ext\php_imagick.dll (The specified module could not be found.), D:/SoftwareInstallation/Local/resources/extraResources/lightning-services/php-7.4.1+18/bin/win64/ext\php_php_imagick.dll.dll (The specified module could not be found.)) in Unknown on line 0
[13-Jun-2022 12:01:29 UTC] PHP Warning:  PHP Startup: Unable to load dynamic library 'php_imagick.dll' (tried: D:/SoftwareInstallation/Local/resources/extraResources/lightning-services/php-7.4.1+18/bin/win64/ext\php_imagick.dll (The specified module could not be found.), D:/SoftwareInstallation/Local/resources/extraResources/lightning-services/php-7.4.1+18/bin/win64/ext\php_php_imagick.dll.dll (The specified module could not be found.)) in Unknown on line 0
[13-Jun-2022 12:01:44 UTC] PHP Warning:  PHP Startup: Unable to load dynamic library 'php_imagick.dll' (tried: D:/SoftwareInstallation/Local/resources/extraResources/lightning-services/php-7.4.1+18/bin/win64/ext\php_imagick.dll (The specified module could not be found.), D:/SoftwareInstallation/Local/resources/extraResources/lightning-services/php-7.4.1+18/bin/win64/ext\php_php_imagick.dll.dll (The specified module could not be found.)) in Unknown on line 0
[13-Jun-2022 12:01:45 UTC] PHP Warning:  PHP Startup: Unable to load dynamic library 'php_imagick.dll' (tried: D:/SoftwareInstallation/Local/resources/extraResources/lightning-services/php-7.4.1+18/bin/win64/ext\php_imagick.dll (The specified module could not be found.), D:/SoftwareInstallation/Local/resources/extraResources/lightning-services/php-7.4.1+18/bin/win64/ext\php_php_imagick.dll.dll (The specified module could not be found.)) in Unknown on line 0
[13-Jun-2022 12:01:47 UTC] PHP Warning:  PHP Startup: Unable to load dynamic library 'php_imagick.dll' (tried: D:/SoftwareInstallation/Local/resources/extraResources/lightning-services/php-7.4.1+18/bin/win64/ext\php_imagick.dll (The specified module could not be found.), D:/SoftwareInstallation/Local/resources/extraResources/lightning-services/php-7.4.1+18/bin/win64/ext\php_php_imagick.dll.dll (The specified module could not be found.)) in Unknown on line 0
[13-Jun-2022 12:01:48 UTC] PHP Warning:  PHP Startup: Unable to load dynamic library 'php_imagick.dll' (tried: D:/SoftwareInstallation/Local/resources/extraResources/lightning-services/php-7.4.1+18/bin/win64/ext\php_imagick.dll (The specified module could not be found.), D:/SoftwareInstallation/Local/resources/extraResources/lightning-services/php-7.4.1+18/bin/win64/ext\php_php_imagick.dll.dll (The specified module could not be found.)) in Unknown on line 0
[13-Jun-2022 12:01:50 UTC] PHP Warning:  PHP Startup: Unable to load dynamic library 'php_imagick.dll' (tried: D:/SoftwareInstallation/Local/resources/extraResources/lightning-services/php-7.4.1+18/bin/win64/ext\php_imagick.dll (The specified module could not be found.), D:/SoftwareInstallation/Local/resources/extraResources/lightning-services/php-7.4.1+18/bin/win64/ext\php_php_imagick.dll.dll (The specified module could not be found.)) in Unknown on line 0
[13-Jun-2022 12:01:51 UTC] PHP Warning:  PHP Startup: Unable to load dynamic library 'php_imagick.dll' (tried: D:/SoftwareInstallation/Local/resources/extraResources/lightning-services/php-7.4.1+18/bin/win64/ext\php_imagick.dll (The specified module could not be found.), D:/SoftwareInstallation/Local/resources/extraResources/lightning-services/php-7.4.1+18/bin/win64/ext\php_php_imagick.dll.dll (The specified module could not be found.)) in Unknown on line 0
[13-Jun-2022 12:01:52 UTC] PHP Warning:  PHP Startup: Unable to load dynamic library 'php_imagick.dll' (tried: D:/SoftwareInstallation/Local/resources/extraResources/lightning-services/php-7.4.1+18/bin/win64/ext\php_imagick.dll (The specified module could not be found.), D:/SoftwareInstallation/Local/resources/extraResources/lightning-services/php-7.4.1+18/bin/win64/ext\php_php_imagick.dll.dll (The specified module could not be found.)) in Unknown on line 0
[13-Jun-2022 12:01:52 UTC] PHP Warning:  PHP Startup: Unable to load dynamic library 'php_imagick.dll' (tried: D:/SoftwareInstallation/Local/resources/extraResources/lightning-services/php-7.4.1+18/bin/win64/ext\php_imagick.dll (The specified module could not be found.), D:/SoftwareInstallation/Local/resources/extraResources/lightning-services/php-7.4.1+18/bin/win64/ext\php_php_imagick.dll.dll (The specified module could not be found.)) in Unknown on line 0
[13-Jun-2022 19:47:55 UTC] PHP Warning:  PHP Startup: Unable to load dynamic library 'php_imagick.dll' (tried: D:/SoftwareInstallation/Local/resources/extraResources/lightning-services/php-7.4.1+18/bin/win64/ext\php_imagick.dll (The specified module could not be found.), D:/SoftwareInstallation/Local/resources/extraResources/lightning-services/php-7.4.1+18/bin/win64/ext\php_php_imagick.dll.dll (The specified module could not be found.)) in Unknown on line 0
[13-Jun-2022 19:47:55 UTC] PHP Warning:  PHP Startup: Unable to load dynamic library 'php_imagick.dll' (tried: D:/SoftwareInstallation/Local/resources/extraResources/lightning-services/php-7.4.1+18/bin/win64/ext\php_imagick.dll (The specified module could not be found.), D:/SoftwareInstallation/Local/resources/extraResources/lightning-services/php-7.4.1+18/bin/win64/ext\php_php_imagick.dll.dll (The specified module could not be found.)) in Unknown on line 0
[13-Jun-2022 19:48:00 UTC] PHP Warning:  PHP Startup: Unable to load dynamic library 'php_imagick.dll' (tried: D:/SoftwareInstallation/Local/resources/extraResources/lightning-services/php-7.4.1+18/bin/win64/ext\php_imagick.dll (The specified module could not be found.), D:/SoftwareInstallation/Local/resources/extraResources/lightning-services/php-7.4.1+18/bin/win64/ext\php_php_imagick.dll.dll (The specified module could not be found.)) in Unknown on line 0
[13-Jun-2022 19:48:00 UTC] PHP Warning:  PHP Startup: Unable to load dynamic library 'php_imagick.dll' (tried: D:/SoftwareInstallation/Local/resources/extraResources/lightning-services/php-7.4.1+18/bin/win64/ext\php_imagick.dll (The specified module could not be found.), D:/SoftwareInstallation/Local/resources/extraResources/lightning-services/php-7.4.1+18/bin/win64/ext\php_php_imagick.dll.dll (The specified module could not be found.)) in Unknown on line 0
[13-Jun-2022 19:50:05 UTC] PHP Warning:  PHP Startup: Unable to load dynamic library 'php_imagick.dll' (tried: D:/SoftwareInstallation/Local/resources/extraResources/lightning-services/php-7.4.1+18/bin/win64/ext\php_imagick.dll (The specified module could not be found.), D:/SoftwareInstallation/Local/resources/extraResources/lightning-services/php-7.4.1+18/bin/win64/ext\php_php_imagick.dll.dll (The specified module could not be found.)) in Unknown on line 0
[13-Jun-2022 19:50:05 UTC] PHP Warning:  PHP Startup: Unable to load dynamic library 'php_imagick.dll' (tried: D:/SoftwareInstallation/Local/resources/extraResources/lightning-services/php-7.4.1+18/bin/win64/ext\php_imagick.dll (The specified module could not be found.), D:/SoftwareInstallation/Local/resources/extraResources/lightning-services/php-7.4.1+18/bin/win64/ext\php_php_imagick.dll.dll (The specified module could not be found.)) in Unknown on line 0
[13-Jun-2022 19:50:06 UTC] PHP Warning:  PHP Startup: Unable to load dynamic library 'php_imagick.dll' (tried: D:/SoftwareInstallation/Local/resources/extraResources/lightning-services/php-7.4.1+18/bin/win64/ext\php_imagick.dll (The specified module could not be found.), D:/SoftwareInstallation/Local/resources/extraResources/lightning-services/php-7.4.1+18/bin/win64/ext\php_php_imagick.dll.dll (The specified module could not be found.)) in Unknown on line 0
[13-Jun-2022 19:50:06 UTC] PHP Warning:  PHP Startup: Unable to load dynamic library 'php_imagick.dll' (tried: D:/SoftwareInstallation/Local/resources/extraResources/lightning-services/php-7.4.1+18/bin/win64/ext\php_imagick.dll (The specified module could not be found.), D:/SoftwareInstallation/Local/resources/extraResources/lightning-services/php-7.4.1+18/bin/win64/ext\php_php_imagick.dll.dll (The specified module could not be found.)) in Unknown on line 0
[14-Jun-2022 19:18:17 UTC] PHP Warning:  PHP Startup: Unable to load dynamic library 'php_imagick.dll' (tried: D:/SoftwareInstallation/Local/resources/extraResources/lightning-services/php-7.4.1+18/bin/win64/ext\php_imagick.dll (The specified module could not be found.), D:/SoftwareInstallation/Local/resources/extraResources/lightning-services/php-7.4.1+18/bin/win64/ext\php_php_imagick.dll.dll (The specified module could not be found.)) in Unknown on line 0
[14-Jun-2022 19:18:17 UTC] PHP Warning:  PHP Startup: Unable to load dynamic library 'php_imagick.dll' (tried: D:/SoftwareInstallation/Local/resources/extraResources/lightning-services/php-7.4.1+18/bin/win64/ext\php_imagick.dll (The specified module could not be found.), D:/SoftwareInstallation/Local/resources/extraResources/lightning-services/php-7.4.1+18/bin/win64/ext\php_php_imagick.dll.dll (The specified module could not be found.)) in Unknown on line 0
[14-Jun-2022 19:18:19 UTC] PHP Warning:  PHP Startup: Unable to load dynamic library 'php_imagick.dll' (tried: D:/SoftwareInstallation/Local/resources/extraResources/lightning-services/php-7.4.1+18/bin/win64/ext\php_imagick.dll (The specified module could not be found.), D:/SoftwareInstallation/Local/resources/extraResources/lightning-services/php-7.4.1+18/bin/win64/ext\php_php_imagick.dll.dll (The specified module could not be found.)) in Unknown on line 0
[14-Jun-2022 19:18:19 UTC] PHP Warning:  PHP Startup: Unable to load dynamic library 'php_imagick.dll' (tried: D:/SoftwareInstallation/Local/resources/extraResources/lightning-services/php-7.4.1+18/bin/win64/ext\php_imagick.dll (The specified module could not be found.), D:/SoftwareInstallation/Local/resources/extraResources/lightning-services/php-7.4.1+18/bin/win64/ext\php_php_imagick.dll.dll (The specified module could not be found.)) in Unknown on line 0
[15-Jun-2022 21:02:13 UTC] PHP Warning:  count(): Parameter must be an array or an object that implements Countable in D:\local_sites\carekleen\app\public\wp-content\plugins\filter-gallery\filter-gallery.php on line 142
[15-Jun-2022 21:02:13 UTC] PHP Stack trace:
[15-Jun-2022 21:02:13 UTC] PHP   1. {main}() D:\local_sites\carekleen\app\public\wp-admin\admin-ajax.php:0
[15-Jun-2022 21:02:13 UTC] PHP   2. do_action() D:\local_sites\carekleen\app\public\wp-admin\admin-ajax.php:187
[15-Jun-2022 21:02:13 UTC] PHP   3. WP_Hook->do_action() D:\local_sites\carekleen\app\public\wp-includes\plugin.php:476
[15-Jun-2022 21:02:13 UTC] PHP   4. WP_Hook->apply_filters() D:\local_sites\carekleen\app\public\wp-includes\class-wp-hook.php:331
[15-Jun-2022 21:02:13 UTC] PHP   5. ufg_gallery_filters_callback() D:\local_sites\carekleen\app\public\wp-includes\class-wp-hook.php:307
[15-Jun-2022 21:02:13 UTC] PHP Warning:  count(): Parameter must be an array or an object that implements Countable in D:\local_sites\carekleen\app\public\wp-content\plugins\filter-gallery\filter-gallery.php on line 142
[15-Jun-2022 21:02:13 UTC] PHP Stack trace:
[15-Jun-2022 21:02:13 UTC] PHP   1. {main}() D:\local_sites\carekleen\app\public\wp-admin\admin-ajax.php:0
[15-Jun-2022 21:02:13 UTC] PHP   2. do_action() D:\local_sites\carekleen\app\public\wp-admin\admin-ajax.php:187
[15-Jun-2022 21:02:13 UTC] PHP   3. WP_Hook->do_action() D:\local_sites\carekleen\app\public\wp-includes\plugin.php:476
[15-Jun-2022 21:02:13 UTC] PHP   4. WP_Hook->apply_filters() D:\local_sites\carekleen\app\public\wp-includes\class-wp-hook.php:331
[15-Jun-2022 21:02:13 UTC] PHP   5. ufg_gallery_filters_callback() D:\local_sites\carekleen\app\public\wp-includes\class-wp-hook.php:307
[15-Jun-2022 21:02:13 UTC] PHP Warning:  count(): Parameter must be an array or an object that implements Countable in D:\local_sites\carekleen\app\public\wp-content\plugins\filter-gallery\filter-gallery.php on line 142
[15-Jun-2022 21:02:13 UTC] PHP Stack trace:
[15-Jun-2022 21:02:13 UTC] PHP   1. {main}() D:\local_sites\carekleen\app\public\wp-admin\admin-ajax.php:0
[15-Jun-2022 21:02:13 UTC] PHP   2. do_action() D:\local_sites\carekleen\app\public\wp-admin\admin-ajax.php:187
[15-Jun-2022 21:02:13 UTC] PHP   3. WP_Hook->do_action() D:\local_sites\carekleen\app\public\wp-includes\plugin.php:476
[15-Jun-2022 21:02:13 UTC] PHP   4. WP_Hook->apply_filters() D:\local_sites\carekleen\app\public\wp-includes\class-wp-hook.php:331
[15-Jun-2022 21:02:13 UTC] PHP   5. ufg_gallery_filters_callback() D:\local_sites\carekleen\app\public\wp-includes\class-wp-hook.php:307
[15-Jun-2022 21:02:13 UTC] PHP Warning:  count(): Parameter must be an array or an object that implements Countable in D:\local_sites\carekleen\app\public\wp-content\plugins\filter-gallery\filter-gallery.php on line 142
[15-Jun-2022 21:02:13 UTC] PHP Stack trace:
[15-Jun-2022 21:02:13 UTC] PHP   1. {main}() D:\local_sites\carekleen\app\public\wp-admin\admin-ajax.php:0
[15-Jun-2022 21:02:13 UTC] PHP   2. do_action() D:\local_sites\carekleen\app\public\wp-admin\admin-ajax.php:187
[15-Jun-2022 21:02:13 UTC] PHP   3. WP_Hook->do_action() D:\local_sites\carekleen\app\public\wp-includes\plugin.php:476
[15-Jun-2022 21:02:13 UTC] PHP   4. WP_Hook->apply_filters() D:\local_sites\carekleen\app\public\wp-includes\class-wp-hook.php:331
[15-Jun-2022 21:02:13 UTC] PHP   5. ufg_gallery_filters_callback() D:\local_sites\carekleen\app\public\wp-includes\class-wp-hook.php:307
[15-Jun-2022 21:02:16 UTC] PHP Warning:  count(): Parameter must be an array or an object that implements Countable in D:\local_sites\carekleen\app\public\wp-content\plugins\filter-gallery\filter-gallery.php on line 142
[15-Jun-2022 21:02:16 UTC] PHP Stack trace:
[15-Jun-2022 21:02:16 UTC] PHP   1. {main}() D:\local_sites\carekleen\app\public\wp-admin\admin-ajax.php:0
[15-Jun-2022 21:02:16 UTC] PHP   2. do_action() D:\local_sites\carekleen\app\public\wp-admin\admin-ajax.php:187
[15-Jun-2022 21:02:16 UTC] PHP   3. WP_Hook->do_action() D:\local_sites\carekleen\app\public\wp-includes\plugin.php:476
[15-Jun-2022 21:02:16 UTC] PHP   4. WP_Hook->apply_filters() D:\local_sites\carekleen\app\public\wp-includes\class-wp-hook.php:331
[15-Jun-2022 21:02:16 UTC] PHP   5. ufg_gallery_filters_callback() D:\local_sites\carekleen\app\public\wp-includes\class-wp-hook.php:307
[15-Jun-2022 21:02:16 UTC] PHP Warning:  count(): Parameter must be an array or an object that implements Countable in D:\local_sites\carekleen\app\public\wp-content\plugins\filter-gallery\filter-gallery.php on line 142
[15-Jun-2022 21:02:16 UTC] PHP Stack trace:
[15-Jun-2022 21:02:16 UTC] PHP   1. {main}() D:\local_sites\carekleen\app\public\wp-admin\admin-ajax.php:0
[15-Jun-2022 21:02:16 UTC] PHP   2. do_action() D:\local_sites\carekleen\app\public\wp-admin\admin-ajax.php:187
[15-Jun-2022 21:02:16 UTC] PHP   3. WP_Hook->do_action() D:\local_sites\carekleen\app\public\wp-includes\plugin.php:476
[15-Jun-2022 21:02:16 UTC] PHP   4. WP_Hook->apply_filters() D:\local_sites\carekleen\app\public\wp-includes\class-wp-hook.php:331
[15-Jun-2022 21:02:16 UTC] PHP   5. ufg_gallery_filters_callback() D:\local_sites\carekleen\app\public\wp-includes\class-wp-hook.php:307
[15-Jun-2022 21:02:16 UTC] PHP Warning:  count(): Parameter must be an array or an object that implements Countable in D:\local_sites\carekleen\app\public\wp-content\plugins\filter-gallery\filter-gallery.php on line 142
[15-Jun-2022 21:02:16 UTC] PHP Stack trace:
[15-Jun-2022 21:02:16 UTC] PHP   1. {main}() D:\local_sites\carekleen\app\public\wp-admin\admin-ajax.php:0
[15-Jun-2022 21:02:16 UTC] PHP   2. do_action() D:\local_sites\carekleen\app\public\wp-admin\admin-ajax.php:187
[15-Jun-2022 21:02:16 UTC] PHP   3. WP_Hook->do_action() D:\local_sites\carekleen\app\public\wp-includes\plugin.php:476
[15-Jun-2022 21:02:16 UTC] PHP   4. WP_Hook->apply_filters() D:\local_sites\carekleen\app\public\wp-includes\class-wp-hook.php:331
[15-Jun-2022 21:02:16 UTC] PHP   5. ufg_gallery_filters_callback() D:\local_sites\carekleen\app\public\wp-includes\class-wp-hook.php:307
[15-Jun-2022 21:02:16 UTC] PHP Warning:  count(): Parameter must be an array or an object that implements Countable in D:\local_sites\carekleen\app\public\wp-content\plugins\filter-gallery\filter-gallery.php on line 142
[15-Jun-2022 21:02:16 UTC] PHP Stack trace:
[15-Jun-2022 21:02:16 UTC] PHP   1. {main}() D:\local_sites\carekleen\app\public\wp-admin\admin-ajax.php:0
[15-Jun-2022 21:02:16 UTC] PHP   2. do_action() D:\local_sites\carekleen\app\public\wp-admin\admin-ajax.php:187
[15-Jun-2022 21:02:16 UTC] PHP   3. WP_Hook->do_action() D:\local_sites\carekleen\app\public\wp-includes\plugin.php:476
[15-Jun-2022 21:02:16 UTC] PHP   4. WP_Hook->apply_filters() D:\local_sites\carekleen\app\public\wp-includes\class-wp-hook.php:331
[15-Jun-2022 21:02:16 UTC] PHP   5. ufg_gallery_filters_callback() D:\local_sites\carekleen\app\public\wp-includes\class-wp-hook.php:307
[15-Jun-2022 21:02:16 UTC] PHP Warning:  Invalid argument supplied for foreach() in D:\local_sites\carekleen\app\public\wp-content\plugins\filter-gallery\filter-gallery.php on line 306
[15-Jun-2022 21:02:16 UTC] PHP Stack trace:
[15-Jun-2022 21:02:16 UTC] PHP   1. {main}() D:\local_sites\carekleen\app\public\wp-admin\admin-ajax.php:0
[15-Jun-2022 21:02:16 UTC] PHP   2. do_action() D:\local_sites\carekleen\app\public\wp-admin\admin-ajax.php:187
[15-Jun-2022 21:02:16 UTC] PHP   3. WP_Hook->do_action() D:\local_sites\carekleen\app\public\wp-includes\plugin.php:476
[15-Jun-2022 21:02:16 UTC] PHP   4. WP_Hook->apply_filters() D:\local_sites\carekleen\app\public\wp-includes\class-wp-hook.php:331
[15-Jun-2022 21:02:16 UTC] PHP   5. ufg_load_gallery_callback() D:\local_sites\carekleen\app\public\wp-includes\class-wp-hook.php:307
[15-Jun-2022 21:05:22 UTC] PHP Warning:  array_map(): Expected parameter 2 to be an array, string given in D:\local_sites\carekleen\app\public\wp-content\plugins\filter-gallery\filter-gallery.php on line 258
[15-Jun-2022 21:05:22 UTC] PHP Stack trace:
[15-Jun-2022 21:05:22 UTC] PHP   1. {main}() D:\local_sites\carekleen\app\public\wp-admin\admin-ajax.php:0
[15-Jun-2022 21:05:22 UTC] PHP   2. do_action() D:\local_sites\carekleen\app\public\wp-admin\admin-ajax.php:187
[15-Jun-2022 21:05:22 UTC] PHP   3. WP_Hook->do_action() D:\local_sites\carekleen\app\public\wp-includes\plugin.php:476
[15-Jun-2022 21:05:22 UTC] PHP   4. WP_Hook->apply_filters() D:\local_sites\carekleen\app\public\wp-includes\class-wp-hook.php:331
[15-Jun-2022 21:05:22 UTC] PHP   5. ufg_save_gallery_callback() D:\local_sites\carekleen\app\public\wp-includes\class-wp-hook.php:307
[15-Jun-2022 21:05:22 UTC] PHP   6. array_map() D:\local_sites\carekleen\app\public\wp-content\plugins\filter-gallery\filter-gallery.php:258
[15-Jun-2022 21:05:22 UTC] PHP Warning:  array_map(): Expected parameter 2 to be an array, string given in D:\local_sites\carekleen\app\public\wp-content\plugins\filter-gallery\filter-gallery.php on line 259
[15-Jun-2022 21:05:22 UTC] PHP Stack trace:
[15-Jun-2022 21:05:22 UTC] PHP   1. {main}() D:\local_sites\carekleen\app\public\wp-admin\admin-ajax.php:0
[15-Jun-2022 21:05:22 UTC] PHP   2. do_action() D:\local_sites\carekleen\app\public\wp-admin\admin-ajax.php:187
[15-Jun-2022 21:05:22 UTC] PHP   3. WP_Hook->do_action() D:\local_sites\carekleen\app\public\wp-includes\plugin.php:476
[15-Jun-2022 21:05:22 UTC] PHP   4. WP_Hook->apply_filters() D:\local_sites\carekleen\app\public\wp-includes\class-wp-hook.php:331
[15-Jun-2022 21:05:22 UTC] PHP   5. ufg_save_gallery_callback() D:\local_sites\carekleen\app\public\wp-includes\class-wp-hook.php:307
[15-Jun-2022 21:05:22 UTC] PHP   6. array_map() D:\local_sites\carekleen\app\public\wp-content\plugins\filter-gallery\filter-gallery.php:259
[15-Jun-2022 21:05:22 UTC] PHP Warning:  array_map(): Expected parameter 2 to be an array, string given in D:\local_sites\carekleen\app\public\wp-content\plugins\filter-gallery\filter-gallery.php on line 260
[15-Jun-2022 21:05:22 UTC] PHP Stack trace:
[15-Jun-2022 21:05:22 UTC] PHP   1. {main}() D:\local_sites\carekleen\app\public\wp-admin\admin-ajax.php:0
[15-Jun-2022 21:05:22 UTC] PHP   2. do_action() D:\local_sites\carekleen\app\public\wp-admin\admin-ajax.php:187
[15-Jun-2022 21:05:22 UTC] PHP   3. WP_Hook->do_action() D:\local_sites\carekleen\app\public\wp-includes\plugin.php:476
[15-Jun-2022 21:05:22 UTC] PHP   4. WP_Hook->apply_filters() D:\local_sites\carekleen\app\public\wp-includes\class-wp-hook.php:331
[15-Jun-2022 21:05:22 UTC] PHP   5. ufg_save_gallery_callback() D:\local_sites\carekleen\app\public\wp-includes\class-wp-hook.php:307
[15-Jun-2022 21:05:22 UTC] PHP   6. array_map() D:\local_sites\carekleen\app\public\wp-content\plugins\filter-gallery\filter-gallery.php:260
[15-Jun-2022 21:05:22 UTC] PHP Warning:  array_map(): Expected parameter 2 to be an array, string given in D:\local_sites\carekleen\app\public\wp-content\plugins\filter-gallery\filter-gallery.php on line 261
[15-Jun-2022 21:05:22 UTC] PHP Stack trace:
[15-Jun-2022 21:05:22 UTC] PHP   1. {main}() D:\local_sites\carekleen\app\public\wp-admin\admin-ajax.php:0
[15-Jun-2022 21:05:22 UTC] PHP   2. do_action() D:\local_sites\carekleen\app\public\wp-admin\admin-ajax.php:187
[15-Jun-2022 21:05:22 UTC] PHP   3. WP_Hook->do_action() D:\local_sites\carekleen\app\public\wp-includes\plugin.php:476
[15-Jun-2022 21:05:22 UTC] PHP   4. WP_Hook->apply_filters() D:\local_sites\carekleen\app\public\wp-includes\class-wp-hook.php:331
[15-Jun-2022 21:05:22 UTC] PHP   5. ufg_save_gallery_callback() D:\local_sites\carekleen\app\public\wp-includes\class-wp-hook.php:307
[15-Jun-2022 21:05:22 UTC] PHP   6. array_map() D:\local_sites\carekleen\app\public\wp-content\plugins\filter-gallery\filter-gallery.php:261
[15-Jun-2022 21:05:26 UTC] PHP Warning:  array_map(): Expected parameter 2 to be an array, string given in D:\local_sites\carekleen\app\public\wp-content\plugins\filter-gallery\filter-gallery.php on line 258
[15-Jun-2022 21:05:26 UTC] PHP Stack trace:
[15-Jun-2022 21:05:26 UTC] PHP   1. {main}() D:\local_sites\carekleen\app\public\wp-admin\admin-ajax.php:0
[15-Jun-2022 21:05:26 UTC] PHP   2. do_action() D:\local_sites\carekleen\app\public\wp-admin\admin-ajax.php:187
[15-Jun-2022 21:05:26 UTC] PHP   3. WP_Hook->do_action() D:\local_sites\carekleen\app\public\wp-includes\plugin.php:476
[15-Jun-2022 21:05:26 UTC] PHP   4. WP_Hook->apply_filters() D:\local_sites\carekleen\app\public\wp-includes\class-wp-hook.php:331
[15-Jun-2022 21:05:26 UTC] PHP   5. ufg_save_gallery_callback() D:\local_sites\carekleen\app\public\wp-includes\class-wp-hook.php:307
[15-Jun-2022 21:05:26 UTC] PHP   6. array_map() D:\local_sites\carekleen\app\public\wp-content\plugins\filter-gallery\filter-gallery.php:258
[15-Jun-2022 21:05:26 UTC] PHP Warning:  array_map(): Expected parameter 2 to be an array, string given in D:\local_sites\carekleen\app\public\wp-content\plugins\filter-gallery\filter-gallery.php on line 259
[15-Jun-2022 21:05:26 UTC] PHP Stack trace:
[15-Jun-2022 21:05:26 UTC] PHP   1. {main}() D:\local_sites\carekleen\app\public\wp-admin\admin-ajax.php:0
[15-Jun-2022 21:05:26 UTC] PHP   2. do_action() D:\local_sites\carekleen\app\public\wp-admin\admin-ajax.php:187
[15-Jun-2022 21:05:26 UTC] PHP   3. WP_Hook->do_action() D:\local_sites\carekleen\app\public\wp-includes\plugin.php:476
[15-Jun-2022 21:05:26 UTC] PHP   4. WP_Hook->apply_filters() D:\local_sites\carekleen\app\public\wp-includes\class-wp-hook.php:331
[15-Jun-2022 21:05:26 UTC] PHP   5. ufg_save_gallery_callback() D:\local_sites\carekleen\app\public\wp-includes\class-wp-hook.php:307
[15-Jun-2022 21:05:26 UTC] PHP   6. array_map() D:\local_sites\carekleen\app\public\wp-content\plugins\filter-gallery\filter-gallery.php:259
[15-Jun-2022 21:05:26 UTC] PHP Warning:  array_map(): Expected parameter 2 to be an array, string given in D:\local_sites\carekleen\app\public\wp-content\plugins\filter-gallery\filter-gallery.php on line 260
[15-Jun-2022 21:05:26 UTC] PHP Stack trace:
[15-Jun-2022 21:05:26 UTC] PHP   1. {main}() D:\local_sites\carekleen\app\public\wp-admin\admin-ajax.php:0
[15-Jun-2022 21:05:26 UTC] PHP   2. do_action() D:\local_sites\carekleen\app\public\wp-admin\admin-ajax.php:187
[15-Jun-2022 21:05:26 UTC] PHP   3. WP_Hook->do_action() D:\local_sites\carekleen\app\public\wp-includes\plugin.php:476
[15-Jun-2022 21:05:26 UTC] PHP   4. WP_Hook->apply_filters() D:\local_sites\carekleen\app\public\wp-includes\class-wp-hook.php:331
[15-Jun-2022 21:05:26 UTC] PHP   5. ufg_save_gallery_callback() D:\local_sites\carekleen\app\public\wp-includes\class-wp-hook.php:307
[15-Jun-2022 21:05:26 UTC] PHP   6. array_map() D:\local_sites\carekleen\app\public\wp-content\plugins\filter-gallery\filter-gallery.php:260
[15-Jun-2022 21:05:26 UTC] PHP Warning:  array_map(): Expected parameter 2 to be an array, string given in D:\local_sites\carekleen\app\public\wp-content\plugins\filter-gallery\filter-gallery.php on line 261
[15-Jun-2022 21:05:26 UTC] PHP Stack trace:
[15-Jun-2022 21:05:26 UTC] PHP   1. {main}() D:\local_sites\carekleen\app\public\wp-admin\admin-ajax.php:0
[15-Jun-2022 21:05:26 UTC] PHP   2. do_action() D:\local_sites\carekleen\app\public\wp-admin\admin-ajax.php:187
[15-Jun-2022 21:05:26 UTC] PHP   3. WP_Hook->do_action() D:\local_sites\carekleen\app\public\wp-includes\plugin.php:476
[15-Jun-2022 21:05:26 UTC] PHP   4. WP_Hook->apply_filters() D:\local_sites\carekleen\app\public\wp-includes\class-wp-hook.php:331
[15-Jun-2022 21:05:26 UTC] PHP   5. ufg_save_gallery_callback() D:\local_sites\carekleen\app\public\wp-includes\class-wp-hook.php:307
[15-Jun-2022 21:05:26 UTC] PHP   6. array_map() D:\local_sites\carekleen\app\public\wp-content\plugins\filter-gallery\filter-gallery.php:261
[15-Jun-2022 21:23:34 UTC] PHP Warning:  count(): Parameter must be an array or an object that implements Countable in D:\local_sites\carekleen\app\public\wp-content\plugins\filter-gallery\filter-gallery.php on line 142
[15-Jun-2022 21:23:34 UTC] PHP Stack trace:
[15-Jun-2022 21:23:34 UTC] PHP   1. {main}() D:\local_sites\carekleen\app\public\wp-admin\admin-ajax.php:0
[15-Jun-2022 21:23:34 UTC] PHP   2. do_action() D:\local_sites\carekleen\app\public\wp-admin\admin-ajax.php:187
[15-Jun-2022 21:23:34 UTC] PHP   3. WP_Hook->do_action() D:\local_sites\carekleen\app\public\wp-includes\plugin.php:476
[15-Jun-2022 21:23:34 UTC] PHP   4. WP_Hook->apply_filters() D:\local_sites\carekleen\app\public\wp-includes\class-wp-hook.php:331
[15-Jun-2022 21:23:34 UTC] PHP   5. ufg_gallery_filters_callback() D:\local_sites\carekleen\app\public\wp-includes\class-wp-hook.php:307
[15-Jun-2022 21:23:34 UTC] PHP Warning:  count(): Parameter must be an array or an object that implements Countable in D:\local_sites\carekleen\app\public\wp-content\plugins\filter-gallery\filter-gallery.php on line 142
[15-Jun-2022 21:23:34 UTC] PHP Stack trace:
[15-Jun-2022 21:23:34 UTC] PHP   1. {main}() D:\local_sites\carekleen\app\public\wp-admin\admin-ajax.php:0
[15-Jun-2022 21:23:34 UTC] PHP   2. do_action() D:\local_sites\carekleen\app\public\wp-admin\admin-ajax.php:187
[15-Jun-2022 21:23:34 UTC] PHP   3. WP_Hook->do_action() D:\local_sites\carekleen\app\public\wp-includes\plugin.php:476
[15-Jun-2022 21:23:34 UTC] PHP   4. WP_Hook->apply_filters() D:\local_sites\carekleen\app\public\wp-includes\class-wp-hook.php:331
[15-Jun-2022 21:23:34 UTC] PHP   5. ufg_gallery_filters_callback() D:\local_sites\carekleen\app\public\wp-includes\class-wp-hook.php:307
[15-Jun-2022 21:23:34 UTC] PHP Warning:  count(): Parameter must be an array or an object that implements Countable in D:\local_sites\carekleen\app\public\wp-content\plugins\filter-gallery\filter-gallery.php on line 142
[15-Jun-2022 21:23:34 UTC] PHP Stack trace:
[15-Jun-2022 21:23:34 UTC] PHP   1. {main}() D:\local_sites\carekleen\app\public\wp-admin\admin-ajax.php:0
[15-Jun-2022 21:23:34 UTC] PHP   2. do_action() D:\local_sites\carekleen\app\public\wp-admin\admin-ajax.php:187
[15-Jun-2022 21:23:34 UTC] PHP   3. WP_Hook->do_action() D:\local_sites\carekleen\app\public\wp-includes\plugin.php:476
[15-Jun-2022 21:23:34 UTC] PHP   4. WP_Hook->apply_filters() D:\local_sites\carekleen\app\public\wp-includes\class-wp-hook.php:331
[15-Jun-2022 21:23:34 UTC] PHP   5. ufg_gallery_filters_callback() D:\local_sites\carekleen\app\public\wp-includes\class-wp-hook.php:307
[15-Jun-2022 21:23:34 UTC] PHP Warning:  count(): Parameter must be an array or an object that implements Countable in D:\local_sites\carekleen\app\public\wp-content\plugins\filter-gallery\filter-gallery.php on line 142
[15-Jun-2022 21:23:34 UTC] PHP Stack trace:
[15-Jun-2022 21:23:34 UTC] PHP   1. {main}() D:\local_sites\carekleen\app\public\wp-admin\admin-ajax.php:0
[15-Jun-2022 21:23:34 UTC] PHP   2. do_action() D:\local_sites\carekleen\app\public\wp-admin\admin-ajax.php:187
[15-Jun-2022 21:23:34 UTC] PHP   3. WP_Hook->do_action() D:\local_sites\carekleen\app\public\wp-includes\plugin.php:476
[15-Jun-2022 21:23:34 UTC] PHP   4. WP_Hook->apply_filters() D:\local_sites\carekleen\app\public\wp-includes\class-wp-hook.php:331
[15-Jun-2022 21:23:34 UTC] PHP   5. ufg_gallery_filters_callback() D:\local_sites\carekleen\app\public\wp-includes\class-wp-hook.php:307
[15-Jun-2022 21:23:34 UTC] PHP Warning:  count(): Parameter must be an array or an object that implements Countable in D:\local_sites\carekleen\app\public\wp-content\plugins\filter-gallery\filter-gallery.php on line 142
[15-Jun-2022 21:23:34 UTC] PHP Stack trace:
[15-Jun-2022 21:23:34 UTC] PHP   1. {main}() D:\local_sites\carekleen\app\public\wp-admin\admin-ajax.php:0
[15-Jun-2022 21:23:34 UTC] PHP   2. do_action() D:\local_sites\carekleen\app\public\wp-admin\admin-ajax.php:187
[15-Jun-2022 21:23:34 UTC] PHP   3. WP_Hook->do_action() D:\local_sites\carekleen\app\public\wp-includes\plugin.php:476
[15-Jun-2022 21:23:34 UTC] PHP   4. WP_Hook->apply_filters() D:\local_sites\carekleen\app\public\wp-includes\class-wp-hook.php:331
[15-Jun-2022 21:23:34 UTC] PHP   5. ufg_gallery_filters_callback() D:\local_sites\carekleen\app\public\wp-includes\class-wp-hook.php:307
[15-Jun-2022 21:23:34 UTC] PHP Warning:  count(): Parameter must be an array or an object that implements Countable in D:\local_sites\carekleen\app\public\wp-content\plugins\filter-gallery\filter-gallery.php on line 142
[15-Jun-2022 21:23:34 UTC] PHP Stack trace:
[15-Jun-2022 21:23:34 UTC] PHP   1. {main}() D:\local_sites\carekleen\app\public\wp-admin\admin-ajax.php:0
[15-Jun-2022 21:23:34 UTC] PHP   2. do_action() D:\local_sites\carekleen\app\public\wp-admin\admin-ajax.php:187
[15-Jun-2022 21:23:34 UTC] PHP   3. WP_Hook->do_action() D:\local_sites\carekleen\app\public\wp-includes\plugin.php:476
[15-Jun-2022 21:23:34 UTC] PHP   4. WP_Hook->apply_filters() D:\local_sites\carekleen\app\public\wp-includes\class-wp-hook.php:331
[15-Jun-2022 21:23:34 UTC] PHP   5. ufg_gallery_filters_callback() D:\local_sites\carekleen\app\public\wp-includes\class-wp-hook.php:307
[15-Jun-2022 21:23:34 UTC] PHP Warning:  count(): Parameter must be an array or an object that implements Countable in D:\local_sites\carekleen\app\public\wp-content\plugins\filter-gallery\filter-gallery.php on line 142
[15-Jun-2022 21:23:34 UTC] PHP Stack trace:
[15-Jun-2022 21:23:34 UTC] PHP   1. {main}() D:\local_sites\carekleen\app\public\wp-admin\admin-ajax.php:0
[15-Jun-2022 21:23:34 UTC] PHP   2. do_action() D:\local_sites\carekleen\app\public\wp-admin\admin-ajax.php:187
[15-Jun-2022 21:23:34 UTC] PHP   3. WP_Hook->do_action() D:\local_sites\carekleen\app\public\wp-includes\plugin.php:476
[15-Jun-2022 21:23:34 UTC] PHP   4. WP_Hook->apply_filters() D:\local_sites\carekleen\app\public\wp-includes\class-wp-hook.php:331
[15-Jun-2022 21:23:34 UTC] PHP   5. ufg_gallery_filters_callback() D:\local_sites\carekleen\app\public\wp-includes\class-wp-hook.php:307
[15-Jun-2022 21:23:50 UTC] PHP Warning:  count(): Parameter must be an array or an object that implements Countable in D:\local_sites\carekleen\app\public\wp-content\plugins\filter-gallery\filter-gallery.php on line 142
[15-Jun-2022 21:23:50 UTC] PHP Stack trace:
[15-Jun-2022 21:23:50 UTC] PHP   1. {main}() D:\local_sites\carekleen\app\public\wp-admin\admin-ajax.php:0
[15-Jun-2022 21:23:50 UTC] PHP   2. do_action() D:\local_sites\carekleen\app\public\wp-admin\admin-ajax.php:187
[15-Jun-2022 21:23:50 UTC] PHP   3. WP_Hook->do_action() D:\local_sites\carekleen\app\public\wp-includes\plugin.php:476
[15-Jun-2022 21:23:50 UTC] PHP   4. WP_Hook->apply_filters() D:\local_sites\carekleen\app\public\wp-includes\class-wp-hook.php:331
[15-Jun-2022 21:23:50 UTC] PHP   5. ufg_gallery_filters_callback() D:\local_sites\carekleen\app\public\wp-includes\class-wp-hook.php:307
[15-Jun-2022 21:23:50 UTC] PHP Warning:  count(): Parameter must be an array or an object that implements Countable in D:\local_sites\carekleen\app\public\wp-content\plugins\filter-gallery\filter-gallery.php on line 142
[15-Jun-2022 21:23:50 UTC] PHP Stack trace:
[15-Jun-2022 21:23:50 UTC] PHP   1. {main}() D:\local_sites\carekleen\app\public\wp-admin\admin-ajax.php:0
[15-Jun-2022 21:23:50 UTC] PHP   2. do_action() D:\local_sites\carekleen\app\public\wp-admin\admin-ajax.php:187
[15-Jun-2022 21:23:50 UTC] PHP   3. WP_Hook->do_action() D:\local_sites\carekleen\app\public\wp-includes\plugin.php:476
[15-Jun-2022 21:23:50 UTC] PHP   4. WP_Hook->apply_filters() D:\local_sites\carekleen\app\public\wp-includes\class-wp-hook.php:331
[15-Jun-2022 21:23:50 UTC] PHP   5. ufg_gallery_filters_callback() D:\local_sites\carekleen\app\public\wp-includes\class-wp-hook.php:307
[15-Jun-2022 21:23:50 UTC] PHP Warning:  count(): Parameter must be an array or an object that implements Countable in D:\local_sites\carekleen\app\public\wp-content\plugins\filter-gallery\filter-gallery.php on line 142
[15-Jun-2022 21:23:50 UTC] PHP Stack trace:
[15-Jun-2022 21:23:50 UTC] PHP   1. {main}() D:\local_sites\carekleen\app\public\wp-admin\admin-ajax.php:0
[15-Jun-2022 21:23:50 UTC] PHP   2. do_action() D:\local_sites\carekleen\app\public\wp-admin\admin-ajax.php:187
[15-Jun-2022 21:23:50 UTC] PHP   3. WP_Hook->do_action() D:\local_sites\carekleen\app\public\wp-includes\plugin.php:476
[15-Jun-2022 21:23:50 UTC] PHP   4. WP_Hook->apply_filters() D:\local_sites\carekleen\app\public\wp-includes\class-wp-hook.php:331
[15-Jun-2022 21:23:50 UTC] PHP   5. ufg_gallery_filters_callback() D:\local_sites\carekleen\app\public\wp-includes\class-wp-hook.php:307
[15-Jun-2022 21:23:50 UTC] PHP Warning:  count(): Parameter must be an array or an object that implements Countable in D:\local_sites\carekleen\app\public\wp-content\plugins\filter-gallery\filter-gallery.php on line 142
[15-Jun-2022 21:23:50 UTC] PHP Stack trace:
[15-Jun-2022 21:23:50 UTC] PHP   1. {main}() D:\local_sites\carekleen\app\public\wp-admin\admin-ajax.php:0
[15-Jun-2022 21:23:50 UTC] PHP   2. do_action() D:\local_sites\carekleen\app\public\wp-admin\admin-ajax.php:187
[15-Jun-2022 21:23:50 UTC] PHP   3. WP_Hook->do_action() D:\local_sites\carekleen\app\public\wp-includes\plugin.php:476
[15-Jun-2022 21:23:50 UTC] PHP   4. WP_Hook->apply_filters() D:\local_sites\carekleen\app\public\wp-includes\class-wp-hook.php:331
[15-Jun-2022 21:23:50 UTC] PHP   5. ufg_gallery_filters_callback() D:\local_sites\carekleen\app\public\wp-includes\class-wp-hook.php:307
[15-Jun-2022 21:56:23 UTC] PHP Warning:  count(): Parameter must be an array or an object that implements Countable in D:\local_sites\carekleen\app\public\wp-content\plugins\filter-gallery\filter-gallery.php on line 142
[15-Jun-2022 21:56:23 UTC] PHP Stack trace:
[15-Jun-2022 21:56:23 UTC] PHP   1. {main}() D:\local_sites\carekleen\app\public\wp-admin\admin-ajax.php:0
[15-Jun-2022 21:56:23 UTC] PHP   2. do_action() D:\local_sites\carekleen\app\public\wp-admin\admin-ajax.php:187
[15-Jun-2022 21:56:23 UTC] PHP   3. WP_Hook->do_action() D:\local_sites\carekleen\app\public\wp-includes\plugin.php:476
[15-Jun-2022 21:56:23 UTC] PHP   4. WP_Hook->apply_filters() D:\local_sites\carekleen\app\public\wp-includes\class-wp-hook.php:331
[15-Jun-2022 21:56:23 UTC] PHP   5. ufg_gallery_filters_callback() D:\local_sites\carekleen\app\public\wp-includes\class-wp-hook.php:307
[15-Jun-2022 21:56:23 UTC] PHP Warning:  count(): Parameter must be an array or an object that implements Countable in D:\local_sites\carekleen\app\public\wp-content\plugins\filter-gallery\filter-gallery.php on line 142
[15-Jun-2022 21:56:23 UTC] PHP Stack trace:
[15-Jun-2022 21:56:23 UTC] PHP   1. {main}() D:\local_sites\carekleen\app\public\wp-admin\admin-ajax.php:0
[15-Jun-2022 21:56:23 UTC] PHP   2. do_action() D:\local_sites\carekleen\app\public\wp-admin\admin-ajax.php:187
[15-Jun-2022 21:56:23 UTC] PHP   3. WP_Hook->do_action() D:\local_sites\carekleen\app\public\wp-includes\plugin.php:476
[15-Jun-2022 21:56:23 UTC] PHP   4. WP_Hook->apply_filters() D:\local_sites\carekleen\app\public\wp-includes\class-wp-hook.php:331
[15-Jun-2022 21:56:23 UTC] PHP   5. ufg_gallery_filters_callback() D:\local_sites\carekleen\app\public\wp-includes\class-wp-hook.php:307
[15-Jun-2022 21:56:23 UTC] PHP Warning:  count(): Parameter must be an array or an object that implements Countable in D:\local_sites\carekleen\app\public\wp-content\plugins\filter-gallery\filter-gallery.php on line 142
[15-Jun-2022 21:56:23 UTC] PHP Stack trace:
[15-Jun-2022 21:56:23 UTC] PHP   1. {main}() D:\local_sites\carekleen\app\public\wp-admin\admin-ajax.php:0
[15-Jun-2022 21:56:23 UTC] PHP   2. do_action() D:\local_sites\carekleen\app\public\wp-admin\admin-ajax.php:187
[15-Jun-2022 21:56:23 UTC] PHP   3. WP_Hook->do_action() D:\local_sites\carekleen\app\public\wp-includes\plugin.php:476
[15-Jun-2022 21:56:23 UTC] PHP   4. WP_Hook->apply_filters() D:\local_sites\carekleen\app\public\wp-includes\class-wp-hook.php:331
[15-Jun-2022 21:56:23 UTC] PHP   5. ufg_gallery_filters_callback() D:\local_sites\carekleen\app\public\wp-includes\class-wp-hook.php:307
[15-Jun-2022 21:56:23 UTC] PHP Warning:  count(): Parameter must be an array or an object that implements Countable in D:\local_sites\carekleen\app\public\wp-content\plugins\filter-gallery\filter-gallery.php on line 142
[15-Jun-2022 21:56:23 UTC] PHP Stack trace:
[15-Jun-2022 21:56:23 UTC] PHP   1. {main}() D:\local_sites\carekleen\app\public\wp-admin\admin-ajax.php:0
[15-Jun-2022 21:56:23 UTC] PHP   2. do_action() D:\local_sites\carekleen\app\public\wp-admin\admin-ajax.php:187
[15-Jun-2022 21:56:23 UTC] PHP   3. WP_Hook->do_action() D:\local_sites\carekleen\app\public\wp-includes\plugin.php:476
[15-Jun-2022 21:56:23 UTC] PHP   4. WP_Hook->apply_filters() D:\local_sites\carekleen\app\public\wp-includes\class-wp-hook.php:331
[15-Jun-2022 21:56:23 UTC] PHP   5. ufg_gallery_filters_callback() D:\local_sites\carekleen\app\public\wp-includes\class-wp-hook.php:307
[15-Jun-2022 21:56:25 UTC] PHP Warning:  array_map(): Expected parameter 2 to be an array, string given in D:\local_sites\carekleen\app\public\wp-content\plugins\filter-gallery\filter-gallery.php on line 258
[15-Jun-2022 21:56:25 UTC] PHP Stack trace:
[15-Jun-2022 21:56:25 UTC] PHP   1. {main}() D:\local_sites\carekleen\app\public\wp-admin\admin-ajax.php:0
[15-Jun-2022 21:56:25 UTC] PHP   2. do_action() D:\local_sites\carekleen\app\public\wp-admin\admin-ajax.php:187
[15-Jun-2022 21:56:25 UTC] PHP   3. WP_Hook->do_action() D:\local_sites\carekleen\app\public\wp-includes\plugin.php:476
[15-Jun-2022 21:56:25 UTC] PHP   4. WP_Hook->apply_filters() D:\local_sites\carekleen\app\public\wp-includes\class-wp-hook.php:331
[15-Jun-2022 21:56:25 UTC] PHP   5. ufg_save_gallery_callback() D:\local_sites\carekleen\app\public\wp-includes\class-wp-hook.php:307
[15-Jun-2022 21:56:25 UTC] PHP   6. array_map() D:\local_sites\carekleen\app\public\wp-content\plugins\filter-gallery\filter-gallery.php:258
[15-Jun-2022 21:56:25 UTC] PHP Warning:  array_map(): Expected parameter 2 to be an array, string given in D:\local_sites\carekleen\app\public\wp-content\plugins\filter-gallery\filter-gallery.php on line 259
[15-Jun-2022 21:56:25 UTC] PHP Stack trace:
[15-Jun-2022 21:56:25 UTC] PHP   1. {main}() D:\local_sites\carekleen\app\public\wp-admin\admin-ajax.php:0
[15-Jun-2022 21:56:25 UTC] PHP   2. do_action() D:\local_sites\carekleen\app\public\wp-admin\admin-ajax.php:187
[15-Jun-2022 21:56:25 UTC] PHP   3. WP_Hook->do_action() D:\local_sites\carekleen\app\public\wp-includes\plugin.php:476
[15-Jun-2022 21:56:25 UTC] PHP   4. WP_Hook->apply_filters() D:\local_sites\carekleen\app\public\wp-includes\class-wp-hook.php:331
[15-Jun-2022 21:56:25 UTC] PHP   5. ufg_save_gallery_callback() D:\local_sites\carekleen\app\public\wp-includes\class-wp-hook.php:307
[15-Jun-2022 21:56:25 UTC] PHP   6. array_map() D:\local_sites\carekleen\app\public\wp-content\plugins\filter-gallery\filter-gallery.php:259
[15-Jun-2022 21:56:25 UTC] PHP Warning:  array_map(): Expected parameter 2 to be an array, string given in D:\local_sites\carekleen\app\public\wp-content\plugins\filter-gallery\filter-gallery.php on line 260
[15-Jun-2022 21:56:25 UTC] PHP Stack trace:
[15-Jun-2022 21:56:25 UTC] PHP   1. {main}() D:\local_sites\carekleen\app\public\wp-admin\admin-ajax.php:0
[15-Jun-2022 21:56:25 UTC] PHP   2. do_action() D:\local_sites\carekleen\app\public\wp-admin\admin-ajax.php:187
[15-Jun-2022 21:56:25 UTC] PHP   3. WP_Hook->do_action() D:\local_sites\carekleen\app\public\wp-includes\plugin.php:476
[15-Jun-2022 21:56:25 UTC] PHP   4. WP_Hook->apply_filters() D:\local_sites\carekleen\app\public\wp-includes\class-wp-hook.php:331
[15-Jun-2022 21:56:25 UTC] PHP   5. ufg_save_gallery_callback() D:\local_sites\carekleen\app\public\wp-includes\class-wp-hook.php:307
[15-Jun-2022 21:56:25 UTC] PHP   6. array_map() D:\local_sites\carekleen\app\public\wp-content\plugins\filter-gallery\filter-gallery.php:260
[15-Jun-2022 21:56:25 UTC] PHP Warning:  array_map(): Expected parameter 2 to be an array, string given in D:\local_sites\carekleen\app\public\wp-content\plugins\filter-gallery\filter-gallery.php on line 261
[15-Jun-2022 21:56:25 UTC] PHP Stack trace:
[15-Jun-2022 21:56:25 UTC] PHP   1. {main}() D:\local_sites\carekleen\app\public\wp-admin\admin-ajax.php:0
[15-Jun-2022 21:56:25 UTC] PHP   2. do_action() D:\local_sites\carekleen\app\public\wp-admin\admin-ajax.php:187
[15-Jun-2022 21:56:25 UTC] PHP   3. WP_Hook->do_action() D:\local_sites\carekleen\app\public\wp-includes\plugin.php:476
[15-Jun-2022 21:56:25 UTC] PHP   4. WP_Hook->apply_filters() D:\local_sites\carekleen\app\public\wp-includes\class-wp-hook.php:331
[15-Jun-2022 21:56:25 UTC] PHP   5. ufg_save_gallery_callback() D:\local_sites\carekleen\app\public\wp-includes\class-wp-hook.php:307
[15-Jun-2022 21:56:25 UTC] PHP   6. array_map() D:\local_sites\carekleen\app\public\wp-content\plugins\filter-gallery\filter-gallery.php:261
[15-Jun-2022 22:39:07 UTC] PHP Warning:  file_get_contents(D:\local_sites\carekleen\app\public/wp-content/upgrade/gravityforms-main/gravityforms-main/form_settings.php): failed to open stream: No such file or directory in D:\local_sites\carekleen\app\public\wp-includes\functions.php on line 6633
[15-Jun-2022 22:39:07 UTC] PHP Stack trace:
[15-Jun-2022 22:39:07 UTC] PHP   1. {main}() D:\local_sites\carekleen\app\public\wp-admin\update.php:0
[15-Jun-2022 22:39:07 UTC] PHP   2. Plugin_Upgrader->install() D:\local_sites\carekleen\app\public\wp-admin\update.php:176
[15-Jun-2022 22:39:07 UTC] PHP   3. Plugin_Upgrader->run() D:\local_sites\carekleen\app\public\wp-admin\includes\class-plugin-upgrader.php:137
[15-Jun-2022 22:39:07 UTC] PHP   4. Plugin_Upgrader->install_package() D:\local_sites\carekleen\app\public\wp-admin\includes\class-wp-upgrader.php:798
[15-Jun-2022 22:39:07 UTC] PHP   5. apply_filters() D:\local_sites\carekleen\app\public\wp-admin\includes\class-wp-upgrader.php:527
[15-Jun-2022 22:39:07 UTC] PHP   6. WP_Hook->apply_filters() D:\local_sites\carekleen\app\public\wp-includes\plugin.php:191
[15-Jun-2022 22:39:07 UTC] PHP   7. Plugin_Upgrader->check_package() D:\local_sites\carekleen\app\public\wp-includes\class-wp-hook.php:309
[15-Jun-2022 22:39:07 UTC] PHP   8. get_plugin_data() D:\local_sites\carekleen\app\public\wp-admin\includes\class-plugin-upgrader.php:431
[15-Jun-2022 22:39:07 UTC] PHP   9. get_file_data() D:\local_sites\carekleen\app\public\wp-admin\includes\plugin.php:91
[15-Jun-2022 22:39:07 UTC] PHP  10. file_get_contents() D:\local_sites\carekleen\app\public\wp-includes\functions.php:6633
[15-Jun-2022 22:39:07 UTC] PHP Warning:  file_get_contents(D:\local_sites\carekleen\app\public/wp-content/upgrade/gravityforms-main/gravityforms-main/forms_model.php): failed to open stream: No such file or directory in D:\local_sites\carekleen\app\public\wp-includes\functions.php on line 6633
[15-Jun-2022 22:39:07 UTC] PHP Stack trace:
[15-Jun-2022 22:39:07 UTC] PHP   1. {main}() D:\local_sites\carekleen\app\public\wp-admin\update.php:0
[15-Jun-2022 22:39:07 UTC] PHP   2. Plugin_Upgrader->install() D:\local_sites\carekleen\app\public\wp-admin\update.php:176
[15-Jun-2022 22:39:07 UTC] PHP   3. Plugin_Upgrader->run() D:\local_sites\carekleen\app\public\wp-admin\includes\class-plugin-upgrader.php:137
[15-Jun-2022 22:39:07 UTC] PHP   4. Plugin_Upgrader->install_package() D:\local_sites\carekleen\app\public\wp-admin\includes\class-wp-upgrader.php:798
[15-Jun-2022 22:39:07 UTC] PHP   5. apply_filters() D:\local_sites\carekleen\app\public\wp-admin\includes\class-wp-upgrader.php:527
[15-Jun-2022 22:39:07 UTC] PHP   6. WP_Hook->apply_filters() D:\local_sites\carekleen\app\public\wp-includes\plugin.php:191
[15-Jun-2022 22:39:07 UTC] PHP   7. Plugin_Upgrader->check_package() D:\local_sites\carekleen\app\public\wp-includes\class-wp-hook.php:309
[15-Jun-2022 22:39:07 UTC] PHP   8. get_plugin_data() D:\local_sites\carekleen\app\public\wp-admin\includes\class-plugin-upgrader.php:431
[15-Jun-2022 22:39:07 UTC] PHP   9. get_file_data() D:\local_sites\carekleen\app\public\wp-admin\includes\plugin.php:91
[15-Jun-2022 22:39:07 UTC] PHP  10. file_get_contents() D:\local_sites\carekleen\app\public\wp-includes\functions.php:6633
[15-Jun-2022 22:39:07 UTC] PHP Warning:  file_get_contents(D:\local_sites\carekleen\app\public/wp-content/upgrade/gravityforms-main/gravityforms-main/gravityforms.php): failed to open stream: No such file or directory in D:\local_sites\carekleen\app\public\wp-includes\functions.php on line 6633
[15-Jun-2022 22:39:07 UTC] PHP Stack trace:
[15-Jun-2022 22:39:07 UTC] PHP   1. {main}() D:\local_sites\carekleen\app\public\wp-admin\update.php:0
[15-Jun-2022 22:39:07 UTC] PHP   2. Plugin_Upgrader->install() D:\local_sites\carekleen\app\public\wp-admin\update.php:176
[15-Jun-2022 22:39:07 UTC] PHP   3. Plugin_Upgrader->run() D:\local_sites\carekleen\app\public\wp-admin\includes\class-plugin-upgrader.php:137
[15-Jun-2022 22:39:07 UTC] PHP   4. Plugin_Upgrader->install_package() D:\local_sites\carekleen\app\public\wp-admin\includes\class-wp-upgrader.php:798
[15-Jun-2022 22:39:07 UTC] PHP   5. apply_filters() D:\local_sites\carekleen\app\public\wp-admin\includes\class-wp-upgrader.php:527
[15-Jun-2022 22:39:07 UTC] PHP   6. WP_Hook->apply_filters() D:\local_sites\carekleen\app\public\wp-includes\plugin.php:191
[15-Jun-2022 22:39:07 UTC] PHP   7. Plugin_Upgrader->check_package() D:\local_sites\carekleen\app\public\wp-includes\class-wp-hook.php:309
[15-Jun-2022 22:39:07 UTC] PHP   8. get_plugin_data() D:\local_sites\carekleen\app\public\wp-admin\includes\class-plugin-upgrader.php:431
[15-Jun-2022 22:39:07 UTC] PHP   9. get_file_data() D:\local_sites\carekleen\app\public\wp-admin\includes\plugin.php:91
[15-Jun-2022 22:39:07 UTC] PHP  10. file_get_contents() D:\local_sites\carekleen\app\public\wp-includes\functions.php:6633
[15-Jun-2022 22:39:07 UTC] PHP Warning:  file_get_contents(D:\local_sites\carekleen\app\public/wp-content/upgrade/gravityforms-main/gravityforms-main/help.php): failed to open stream: No such file or directory in D:\local_sites\carekleen\app\public\wp-includes\functions.php on line 6633
[15-Jun-2022 22:39:07 UTC] PHP Stack trace:
[15-Jun-2022 22:39:07 UTC] PHP   1. {main}() D:\local_sites\carekleen\app\public\wp-admin\update.php:0
[15-Jun-2022 22:39:07 UTC] PHP   2. Plugin_Upgrader->install() D:\local_sites\carekleen\app\public\wp-admin\update.php:176
[15-Jun-2022 22:39:07 UTC] PHP   3. Plugin_Upgrader->run() D:\local_sites\carekleen\app\public\wp-admin\includes\class-plugin-upgrader.php:137
[15-Jun-2022 22:39:07 UTC] PHP   4. Plugin_Upgrader->install_package() D:\local_sites\carekleen\app\public\wp-admin\includes\class-wp-upgrader.php:798
[15-Jun-2022 22:39:07 UTC] PHP   5. apply_filters() D:\local_sites\carekleen\app\public\wp-admin\includes\class-wp-upgrader.php:527
[15-Jun-2022 22:39:07 UTC] PHP   6. WP_Hook->apply_filters() D:\local_sites\carekleen\app\public\wp-includes\plugin.php:191
[15-Jun-2022 22:39:07 UTC] PHP   7. Plugin_Upgrader->check_package() D:\local_sites\carekleen\app\public\wp-includes\class-wp-hook.php:309
[15-Jun-2022 22:39:07 UTC] PHP   8. get_plugin_data() D:\local_sites\carekleen\app\public\wp-admin\includes\class-plugin-upgrader.php:431
[15-Jun-2022 22:39:07 UTC] PHP   9. get_file_data() D:\local_sites\carekleen\app\public\wp-admin\includes\plugin.php:91
[15-Jun-2022 22:39:07 UTC] PHP  10. file_get_contents() D:\local_sites\carekleen\app\public\wp-includes\functions.php:6633
